{
  "stats": {
    "suites": 1,
    "tests": 1,
    "passes": 1,
    "pending": 0,
    "failures": 0,
    "start": "2023-10-16T13:58:40.358Z",
    "end": "2023-10-16T13:58:48.910Z",
    "duration": 8552,
    "testsRegistered": 1,
    "passPercent": 100,
    "pendingPercent": 0,
    "other": 0,
    "hasOther": false,
    "skipped": 0,
    "hasSkipped": false
  },
  "results": [
    {
      "uuid": "dae92216-c79e-4377-940f-531a75bdadc5",
      "title": "",
      "fullFile": "cypress\\integration\\spec-files\\parking-hangarage-charges\\C8695.js",
      "file": "cypress\\integration\\spec-files\\parking-hangarage-charges\\C8695.js",
      "beforeHooks": [],
      "afterHooks": [],
      "tests": [],
      "suites": [
        {
          "uuid": "203a0f2e-721b-450e-9e48-23c6335e0be8",
          "title": "Parking /Hangarage Charges",
          "fullFile": "",
          "file": "",
          "beforeHooks": [],
          "afterHooks": [],
          "tests": [
            {
              "title": "C8695",
              "fullTitle": "Parking /Hangarage Charges C8695",
              "timedOut": null,
              "duration": 6150,
              "state": "passed",
              "speed": "medium",
              "pass": true,
              "fail": false,
              "pending": false,
              "context": null,
              "code": "cy.get('.page-header').then($li => {\n  expect($li.text()).to.be.includes(_AppConstants.default.pageHeader.dashboard);\n});\ncy.get(':nth-child(5) > div > .main-nav__link--with-children').realHover();\ncy.wait(100);\ncy.contains('Live').realClick();\ncy.wait(100);\ncy.get('.rcc-page__title').then($li => {\n  expect($li.text()).to.be.equal(_AppConstants.default.pageHeader.movementList);\n});\ncy.get('[data-testid=\"new-booking-button\"]').invoke('removeAttr', 'target').click();\nconst params = {\n  ACRegistraion: _AppConstants.default.ACRegistraion,\n  pastHour: _MagicNumber.default.NUMBER1,\n  futureHour: _MagicNumber.default.NUMBER24,\n  flightType: _AppConstants.default.flightTypes.private,\n  operator: _AppConstants.default.operator,\n  debtor: _AppConstants.default.debtor,\n  movementCode: _AppConstants.default.movementCode\n};\ncy.addNewBooking(params).then(() => {\n  cy.wait(2000);\n  cy.get('.rcc-page__title').then(li => {\n    const title = li.text();\n    expect(title).to.be.equal('View booking');\n  });\n}).then(() => {\n  _AddBooking.default.otherInfoTabClick();\n  cy.get('[data-testid=\"option--edit-AC-location-history\"]').click();\n  cy.get('.ac-location-history__title').should('be.visible');\n  cy.get('#react-select-15-input').type(_AppConstants.default.location.eastapron);\n  cy.wait(200);\n  cy.get('.rcc-select__option').should('be.visible');\n  cy.get('.rcc-select__option').contains(_AppConstants.default.location.eastapron).click();\n  cy.get('button[type=\"submit\"]').click();\n}).then(() => {\n  cy.get('[data-testid=\"charges-tab\"]').click();\n  cy.get('.rcc-tabs__content > [data-testid=\"loader\"]').should('be.visible');\n  cy.get('.rcc-tabs__content > [data-testid=\"loader\"]').should('not.exist');\n  cy.get('[data-testid=\"header-actions\"]').click();\n  cy.get('[data-testid=\"header-recalculate\"]').click();\n  cy.get('[data-testid=\"header-actions\"]').click();\n  cy.get('.rcc-multi-option-button__menu_item').should('be.visible');\n  cy.get('.rcc-multi-option-button__menu_item_text').should('include.text', 'Recalculating');\n  cy.get('.rcc-multi-option-button__menu_item_text').should('not.include.text', 'Recalculating');\n  cy.get('[data-testid=\"header-actions\"]').click();\n  cy.get('[data-testid=\"header-recalculate\"]').click();\n  cy.get('[data-testid=\"header-actions\"]').click();\n  cy.get('.rcc-multi-option-button__menu_item').should('be.visible');\n  cy.get('.rcc-multi-option-button__menu_item_text').should('include.text', 'Recalculating');\n  cy.get('.rcc-multi-option-button__menu_item_text').should('not.include.text', 'Recalculating');\n  cy.get('[data-testid=\"header-actions\"]').click();\n  cy.get('[data-testid=\"header-recalculate\"]').click();\n  cy.get('[data-testid=\"header-actions\"]').click();\n  cy.get('.rcc-multi-option-button__menu_item').should('be.visible');\n  cy.get('.rcc-multi-option-button__menu_item_text').should('include.text', 'Recalculating');\n  cy.get('.rcc-multi-option-button__menu_item_text').should('not.include.text', 'Recalculating');\n  cy.wait(10000);\n  cy.get('tr td:nth-child(1)').each(($li, index) => {\n    const charge = $li.text();\n    if (charge.includes('EAST')) {\n      cy.get('tr td:nth-child(17)').eq(index).next().then(res => {\n        const value = res.text();\n        expect(value).to.equal(150.00);\n      });\n    }\n  });\n  cy.get('[data-testid=\"header-actions\"]').click();\n  cy.get('[data-testid=\"header-recalculate\"]').click();\n  cy.get('[data-testid=\"header-actions\"]').click();\n  cy.get('.rcc-multi-option-button__menu_item').should('be.visible');\n  cy.get('.rcc-multi-option-button__menu_item_text').should('include.text', 'Recalculating');\n  cy.get('.rcc-multi-option-button__menu_item_text').should('not.include.text', 'Recalculating');\n  cy.wait(10000);\n  cy.get('[data-testid=\"header-actions\"]').click();\n  cy.get('[data-testid=\"header-recalculate\"]').click();\n  cy.get('[data-testid=\"header-actions\"]').click();\n  cy.get('.rcc-multi-option-button__menu_item').should('be.visible');\n  cy.get('.rcc-multi-option-button__menu_item_text').should('include.text', 'Recalculating');\n  cy.get('.rcc-multi-option-button__menu_item_text').should('not.include.text', 'Recalculating');\n  cy.get('tr td:nth-child(1)').each(($li, index) => {\n    const charge = $li.text();\n    if (charge.includes('EAST')) {\n      cy.get('tr td:nth-child(17)').eq(index).next().then(res => {\n        const value = res.text();\n        expect(value).to.equal(150.00);\n      });\n    }\n  });\n  cy.get('[data-testid=\"flight-details-tab\"]').click();\n  cy.get('[data-testid=\"edit-booking-button\"]').click();\n  cy.get('[data-testid=\"debtor\"]').type('CBD01');\n  cy.get('.rcc-select__option').should('be.visible');\n  cy.get('.rcc-select__option').contains('CBD01').click();\n  cy.get('[data-testid=\"booking-submit-button\"]').click();\n  cy.get('[data-testid=\"charges-tab\"]').click();\n  cy.get('.rcc-tabs__content > [data-testid=\"loader\"]').should('be.visible');\n  cy.get('.rcc-tabs__content > [data-testid=\"loader\"]').should('not.exist');\n  cy.get('[data-testid=\"header-actions\"]').click();\n  cy.get('[data-testid=\"header-recalculate\"]').click();\n  cy.get('[data-testid=\"header-actions\"]').click();\n  cy.get('.rcc-multi-option-button__menu_item').should('be.visible');\n  cy.get('.rcc-multi-option-button__menu_item_text').should('include.text', 'Recalculating');\n  cy.get('.rcc-multi-option-button__menu_item_text').should('not.include.text', 'Recalculating');\n  cy.wait(10000);\n  cy.get('[data-testid=\"header-actions\"]').click();\n  cy.get('[data-testid=\"header-recalculate\"]').click();\n  cy.get('[data-testid=\"header-actions\"]').click();\n  cy.get('.rcc-multi-option-button__menu_item').should('be.visible');\n  cy.get('.rcc-multi-option-button__menu_item_text').should('include.text', 'Recalculating');\n  cy.get('.rcc-multi-option-button__menu_item_text').should('not.include.text', 'Recalculating');\n  cy.get('tr td:nth-child(1)').each(($li, index) => {\n    const charge = $li.text();\n    if (charge.includes('EAST')) {\n      cy.get('tr td:nth-child(17)').eq(index).next().then(res => {\n        const value = res.text();\n        expect(value).to.equal(0.00);\n      });\n    }\n  });\n});",
              "err": {},
              "uuid": "946bab62-cf0c-4c68-9f06-ebd8013d7c7b",
              "parentUUID": "203a0f2e-721b-450e-9e48-23c6335e0be8",
              "isHook": false,
              "skipped": false
            }
          ],
          "suites": [],
          "passes": [
            "946bab62-cf0c-4c68-9f06-ebd8013d7c7b"
          ],
          "failures": [],
          "pending": [],
          "skipped": [],
          "duration": 6150,
          "root": false,
          "rootEmpty": false,
          "_timeout": 2000
        }
      ],
      "passes": [],
      "failures": [],
      "pending": [],
      "skipped": [],
      "duration": 0,
      "root": true,
      "rootEmpty": true,
      "_timeout": 2000
    }
  ],
  "meta": {
    "mocha": {
      "version": "7.0.1"
    },
    "mochawesome": {
      "options": {
        "quiet": false,
        "reportFilename": "mochawesome",
        "saveHtml": false,
        "saveJson": true,
        "consoleReporter": "spec",
        "useInlineDiffs": false,
        "code": true
      },
      "version": "7.1.3"
    },
    "marge": {
      "options": {
        "reportTitle": "My test report",
        "reportDir": "cypress\\results\\.jsons",
        "overwrite": false,
        "html": false,
        "json": true
      },
      "version": "6.2.0"
    }
  }
}